This is pdfTeX, Version 3.14159265-2.6-1.40.21 (TeX Live 2020) (preloaded format=pdflatex 2021.7.16)  10 JAN 2022 14:43
entering extended mode
 restricted \write18 enabled.
 %&-line parsing enabled.
**main.tex
(./main.tex
LaTeX2e <2020-02-02> patch level 5
L3 programming layer <2020-03-06>
(/opt/tex/texlive2020/texmf-dist/tex/latex/base/article.cls
Document Class: article 2019/12/20 v1.4l Standard LaTeX document class
(/opt/tex/texlive2020/texmf-dist/tex/latex/base/size12.clo
File: size12.clo 2019/12/20 v1.4l Standard LaTeX file (size option)
)
\c@part=\count167
\c@section=\count168
\c@subsection=\count169
\c@subsubsection=\count170
\c@paragraph=\count171
\c@subparagraph=\count172
\c@figure=\count173
\c@table=\count174
\abovecaptionskip=\skip47
\belowcaptionskip=\skip48
\bibindent=\dimen134
)
(/opt/tex/texlive2020/texmf-dist/tex/latex/graphics/graphicx.sty
Package: graphicx 2019/11/30 v1.2a Enhanced LaTeX Graphics (DPC,SPQR)

(/opt/tex/texlive2020/texmf-dist/tex/latex/graphics/keyval.sty
Package: keyval 2014/10/28 v1.15 key=value parser (DPC)
\KV@toks@=\toks15
)
(/opt/tex/texlive2020/texmf-dist/tex/latex/graphics/graphics.sty
Package: graphics 2019/11/30 v1.4a Standard LaTeX Graphics (DPC,SPQR)

(/opt/tex/texlive2020/texmf-dist/tex/latex/graphics/trig.sty
Package: trig 2016/01/03 v1.10 sin cos tan (DPC)
)
(/opt/tex/texlive2020/texmf-dist/tex/latex/graphics-cfg/graphics.cfg
File: graphics.cfg 2016/06/04 v1.11 sample graphics configuration
)
Package graphics Info: Driver file: pdftex.def on input line 105.

(/opt/tex/texlive2020/texmf-dist/tex/latex/graphics-def/pdftex.def
File: pdftex.def 2018/01/08 v1.0l Graphics/color driver for pdftex
))
\Gin@req@height=\dimen135
\Gin@req@width=\dimen136
)
(/opt/tex/texlive2020/texmf-dist/tex/latex/tools/dcolumn.sty
Package: dcolumn 2014/10/28 v1.06 decimal alignment package (DPC)

(/opt/tex/texlive2020/texmf-dist/tex/latex/tools/array.sty
Package: array 2019/08/31 v2.4l Tabular extension package (FMi)
\col@sep=\dimen137
\ar@mcellbox=\box45
\extrarowheight=\dimen138
\NC@list=\toks16
\extratabsurround=\skip49
\backup@length=\skip50
\ar@cellbox=\box46
))
(/opt/tex/texlive2020/texmf-dist/tex/latex/psnfss/helvet.sty
Package: helvet 2005/04/12 PSNFSS-v9.2a (WaS) 
)
(/opt/tex/texlive2020/texmf-dist/tex/latex/geometry/geometry.sty
Package: geometry 2020/01/02 v5.9 Page Geometry

(/opt/tex/texlive2020/texmf-dist/tex/generic/iftex/ifvtex.sty
Package: ifvtex 2019/10/25 v1.7 ifvtex legacy package. Use iftex instead.

(/opt/tex/texlive2020/texmf-dist/tex/generic/iftex/iftex.sty
Package: iftex 2020/03/06 v1.0d TeX engine tests
))
\Gm@cnth=\count175
\Gm@cntv=\count176
\c@Gm@tempcnt=\count177
\Gm@bindingoffset=\dimen139
\Gm@wd@mp=\dimen140
\Gm@odd@mp=\dimen141
\Gm@even@mp=\dimen142
\Gm@layoutwidth=\dimen143
\Gm@layoutheight=\dimen144
\Gm@layouthoffset=\dimen145
\Gm@layoutvoffset=\dimen146
\Gm@dimlist=\toks17


! Package keyval Error: a4 undefined.

See the keyval package documentation for explanation.
Type  H <return>  for immediate help.
 ...                                              
                                                  
l.1005 \ProcessOptionsKV[p]{Gm}
                               %
? 
) (/opt/tex/texlive2020/texmf-dist/tex/latex/l3backend/l3backend-pdfmode.def
File: l3backend-pdfmode.def 2020-03-12 L3 backend support: PDF mode
\l__kernel_color_stack_int=\count178
\l__pdf_internal_box=\box47
)
No file main.aux.
\openout1 = `main.aux'.

LaTeX Font Info:    Checking defaults for OML/cmm/m/it on input line 13.
LaTeX Font Info:    ... okay on input line 13.
LaTeX Font Info:    Checking defaults for OMS/cmsy/m/n on input line 13.
LaTeX Font Info:    ... okay on input line 13.
LaTeX Font Info:    Checking defaults for OT1/cmr/m/n on input line 13.
LaTeX Font Info:    ... okay on input line 13.
LaTeX Font Info:    Checking defaults for T1/cmr/m/n on input line 13.
LaTeX Font Info:    ... okay on input line 13.
LaTeX Font Info:    Checking defaults for TS1/cmr/m/n on input line 13.
LaTeX Font Info:    ... okay on input line 13.
LaTeX Font Info:    Checking defaults for OMX/cmex/m/n on input line 13.
LaTeX Font Info:    ... okay on input line 13.
LaTeX Font Info:    Checking defaults for U/cmr/m/n on input line 13.
LaTeX Font Info:    ... okay on input line 13.
LaTeX Font Info:    Trying to load font information for OT1+phv on input line 1
3.
(/opt/tex/texlive2020/texmf-dist/tex/latex/psnfss/ot1phv.fd
File: ot1phv.fd 2001/06/04 scalable font definitions for OT1/phv.


LaTeX Warning: Font shape declaration has incorrect series value `mc'.
               It should not contain an `m'! Please correct it.
               Found on input line 21.


LaTeX Warning: Font shape declaration has incorrect series value `mc'.
               It should not contain an `m'! Please correct it.
               Found on input line 24.


LaTeX Warning: Font shape declaration has incorrect series value `mc'.
               It should not contain an `m'! Please correct it.
               Found on input line 27.


LaTeX Warning: Font shape declaration has incorrect series value `mc'.
               It should not contain an `m'! Please correct it.
               Found on input line 47.

) (/opt/tex/texlive2020/texmf-dist/tex/context/base/mkii/supp-pdf.mkii
[Loading MPS to PDF converter (version 2006.09.02).]
\scratchcounter=\count179
\scratchdimen=\dimen147
\scratchbox=\box48
\nofMPsegments=\count180
\nofMParguments=\count181
\everyMPshowfont=\toks18
\MPscratchCnt=\count182
\MPscratchDim=\dimen148
\MPnumerator=\count183
\makeMPintoPDFobject=\count184
\everyMPtoPDFconversion=\toks19
) (/opt/tex/texlive2020/texmf-dist/tex/latex/epstopdf-pkg/epstopdf-base.sty
Package: epstopdf-base 2020-01-24 v2.11 Base part for package epstopdf
Package epstopdf-base Info: Redefining graphics rule for `.eps' on input line 4
85.

(/opt/tex/texlive2020/texmf-dist/tex/latex/latexconfig/epstopdf-sys.cfg
File: epstopdf-sys.cfg 2010/07/13 v1.3 Configuration of (r)epstopdf for TeX Liv
e
))
*geometry* driver: auto-detecting
*geometry* detected driver: pdftex
*geometry* verbose mode - [ preamble ] result:
* driver: pdftex
* paper: <default>
* layout: <same size as paper>
* layoutoffset:(h,v)=(0.0pt,0.0pt)
* modes: 
* h-part:(L,W,R)=(43.36243pt, 527.57014pt, 43.36243pt)
* v-part:(T,H,B)=(43.36243pt, 708.24513pt, 43.36243pt)
* \paperwidth=614.295pt
* \paperheight=794.96999pt
* \textwidth=527.57014pt
* \textheight=708.24513pt
* \oddsidemargin=-28.90756pt
* \evensidemargin=-28.90756pt
* \topmargin=-65.90756pt
* \headheight=12.0pt
* \headsep=25.0pt
* \topskip=12.0pt
* \footskip=30.0pt
* \marginparwidth=44.0pt
* \marginparsep=10.0pt
* \columnsep=10.0pt
* \skip\footins=10.8pt plus 4.0pt minus 2.0pt
* \hoffset=0.0pt
* \voffset=0.0pt
* \mag=1000
* \@twocolumnfalse
* \@twosidefalse
* \@mparswitchfalse
* \@reversemarginfalse
* (1in=72.27pt=25.4mm, 1cm=28.453pt)

LaTeX Font Info:    External font `cmex10' loaded for size
(Font)              <14.4> on input line 18.
LaTeX Font Info:    External font `cmex10' loaded for size
(Font)              <7> on input line 18.
LaTeX Font Info:    External font `cmex10' loaded for size
(Font)              <12> on input line 23.
LaTeX Font Info:    External font `cmex10' loaded for size
(Font)              <8> on input line 23.
LaTeX Font Info:    External font `cmex10' loaded for size
(Font)              <6> on input line 23.

Overfull \hbox (360.27567pt too wide) in paragraph at lines 22--34
\OT1/phv/m/n/12 Absolute path to fig-ure: /home/physics/phuxdp/Desktop/PX402 Ph
ysics Project/WBosonProject/noQED/plots/muPT[]80.36010913[]2.07041274[]between[
]31[]and[]131.png 
 []


Overfull \hbox (33.10072pt too wide) in paragraph at lines 22--34
\OT1/phv/m/n/12 X[]energ[]vls = [30.1, 30.299999999999997, 30.5, 30.70000000000
0003, 30.9, 31.1, 31.299999999999997,
 []


Overfull \hbox (73.23697pt too wide) in paragraph at lines 22--34
\OT1/phv/m/n/12 47.300000000000004, 47.5, 47.7, 47.9, 48.1, 48.300000000000004,
 48.5, 48.7, 48.9, 49.1, 49.300000000000004,
 []


Overfull \hbox (47.98586pt too wide) in paragraph at lines 22--34
\OT1/phv/m/n/12 Y[]model[]bin[]cnts = [60.77945327758789, 1.2857933044433594, 6
.085181713104248, 3.558061122894287,
 []


Overfull \hbox (63.69563pt too wide) in paragraph at lines 22--34
\OT1/phv/m/n/12 1.6192806959152222, 1.9629167318344116, 2.64939546585083, 1.205
4215669631958, 13.55706787109375,
 []


Overfull \hbox (63.69563pt too wide) in paragraph at lines 22--34
\OT1/phv/m/n/12 2.672044038772583, 4.231561660766602, 114.98712921142578, 1.158
971905708313, 3.8883538246154785,
 []


Overfull \hbox (77.03947pt too wide) in paragraph at lines 22--34
\OT1/phv/m/n/12 3.0525996685028076, 3.4878652095794678, 1.9948214292526245, 2.6
286845207214355, 8.336336135864258,
 []


Overfull \hbox (70.36755pt too wide) in paragraph at lines 22--34
\OT1/phv/m/n/12 2.6573493480682373, 25.14351463317871, 2.534775733947754, 1.096
7795848846436, 2.5384695529937744,
 []


Overfull \hbox (50.35179pt too wide) in paragraph at lines 22--34
\OT1/phv/m/n/12 4.502523899078369, 1.924025297164917, 7.88049840927124, 6.96782
2551727295, 12.792052268981934,
 []


Overfull \hbox (77.03947pt too wide) in paragraph at lines 22--34
\OT1/phv/m/n/12 4.174463272094727, 1.4587275981903076, 11.131487846374512, 1.44
13037300109863, 4.7718377113342285,
 []


Overfull \hbox (63.69563pt too wide) in paragraph at lines 22--34
\OT1/phv/m/n/12 59.43608856201172, 2.9749960899353027, 219.0475616455078, 2.123
3692169189453, 7.402637958526611,
 []


Overfull \hbox (77.03947pt too wide) in paragraph at lines 22--34
\OT1/phv/m/n/12 1908.990478515625, 1.5843236446380615, 1.2341128587722778, 174.
01522827148438, 1.8120728731155396,
 []


Overfull \hbox (70.36755pt too wide) in paragraph at lines 22--34
\OT1/phv/m/n/12 151.42913818359375, 8.514216423034668, 4.172840118408203, 2.914
0212535858154, 19.682537078857422,
 []


Overfull \hbox (70.36755pt too wide) in paragraph at lines 22--34
\OT1/phv/m/n/12 1.6405428647994995, 3.9315357208251953, 309.38140869140625, 7.3
94631862640381, 5.369898319244385,
 []


Overfull \hbox (43.67987pt too wide) in paragraph at lines 22--34
\OT1/phv/m/n/12 2.2597203254699707, 3.214203357696533, 4.791315078735352, 1190.
5732421875, 7.351786136627197,
 []


Overfull \hbox (70.36755pt too wide) in paragraph at lines 22--34
\OT1/phv/m/n/12 1.5192288160324097, 6.109335899353027, 4.288990020751953, 18.56
8132400512695, 1.6339915990829468,
 []


Overfull \hbox (63.69563pt too wide) in paragraph at lines 22--34
\OT1/phv/m/n/12 2.035782814025879, 1.3003445863723755, 18.188058853149414, 1.06
73106908798218, 5.09853458404541,
 []


Overfull \hbox (63.69563pt too wide) in paragraph at lines 22--34
\OT1/phv/m/n/12 34.179039001464844, 26.15125846862793, 53.14067077636719, 2.019
1004276275635, 4.089165687561035,
 []


Overfull \hbox (77.03947pt too wide) in paragraph at lines 22--34
\OT1/phv/m/n/12 3.968930721282959, 1.1684402227401733, 20.777502059936523, 6.57
63468742370605, 3.4533047676086426,
 []


Overfull \hbox (57.02371pt too wide) in paragraph at lines 22--34
\OT1/phv/m/n/12 3.826333999633789, 1.0857011079788208, 4.135969161987305, 1.226
033091545105, 4.878780364990234,
 []


Overfull \hbox (77.03947pt too wide) in paragraph at lines 22--34
\OT1/phv/m/n/12 10.214515686035156, 50.33222579956055, 2.1157166957855225, 21.9
95885848999023, 15.933954238891602,
 []


Overfull \hbox (70.36755pt too wide) in paragraph at lines 22--34
\OT1/phv/m/n/12 3.9041197299957275, 1.8000022172927856, 101.6497573852539, 21.0
32649993896484, 7.363205909729004,
 []


Overfull \hbox (63.69563pt too wide) in paragraph at lines 22--34
\OT1/phv/m/n/12 2.46427845954895, 7.526286602020264, 124.72547149658203, 3.7346
036434173584, 1.4995362758636475,
 []


Underfull \hbox (badness 10000) in paragraph at lines 22--34

 []

[1

{/opt/tex/texlive2020/texmf-var/fonts/map/pdftex/updmap/pdftex.map}]
! Missing $ inserted.
<inserted text> 
                $
l.36     Uncertainty [GeV/c^
                            2]: 1.4210854715202004e-14\\
? 
! Missing $ inserted.
<inserted text> 
                $
l.37 
     
? 

Underfull \hbox (badness 10000) in paragraph at lines 35--37

 []

</home/physics/phuxdp/Desktop/PX402 Physics Project/WBosonProject/noQED/plots/m
uPT_80.36010913_2.07041274_between_31_and_131.png, id=11, 1923.185pt x 1055.945
pt>
File: /home/physics/phuxdp/Desktop/PX402 Physics Project/WBosonProject/noQED/pl
ots/muPT_80.36010913_2.07041274_between_31_and_131.png Graphic file (type png)
<use /home/physics/phuxdp/Desktop/PX402 Physics Project/WBosonProject/noQED/plo
ts/muPT_80.36010913_2.07041274_between_31_and_131.png>
Package pdftex.def Info: /home/physics/phuxdp/Desktop/PX402 Physics Project/WBo
sonProject/noQED/plots/muPT_80.36010913_2.07041274_between_31_and_131.png  used
 on input line 40.
(pdftex.def)             Requested size: 527.57014pt x 289.66876pt.
LaTeX Font Info:    External font `cmex10' loaded for size
(Font)              <10.95> on input line 45.
! Missing $ inserted.
<inserted text> 
                $
l.45 ...ue of hypothesis fit: 329.3000645043136. }
                                                  
? 
! Extra }, or forgotten $.
\sbox  ...box {\color@setgroup #2\color@endgroup }
                                                  
l.45 ...ue of hypothesis fit: 329.3000645043136. }
                                                  
? 
! Missing $ inserted.
<inserted text> 
                $
l.45 ...ue of hypothesis fit: 329.3000645043136. }
                                                  
? 
! Missing } inserted.
<inserted text> 
                }
l.45 ...ue of hypothesis fit: 329.3000645043136. }
                                                  
? 
</home/physics/phuxdp/Desktop/PX402 Physics Project/WBosonProject/noQED/plots/c
hi_square_fits_muPT_80.36010913_2.07041274_between_31_and_131.png, id=12, 462.5
28pt x 346.896pt>
File: /home/physics/phuxdp/Desktop/PX402 Physics Project/WBosonProject/noQED/pl
ots/chi_square_fits_muPT_80.36010913_2.07041274_between_31_and_131.png Graphic 
file (type png)
<use /home/physics/phuxdp/Desktop/PX402 Physics Project/WBosonProject/noQED/plo
ts/chi_square_fits_muPT_80.36010913_2.07041274_between_31_and_131.png>
Package pdftex.def Info: /home/physics/phuxdp/Desktop/PX402 Physics Project/WBo
sonProject/noQED/plots/chi_square_fits_muPT_80.36010913_2.07041274_between_31_a
nd_131.png  used on input line 53.
(pdftex.def)             Requested size: 527.57014pt x 395.69844pt.
</home/physics/phuxdp/Desktop/PX402 Physics Project/WBosonProject/noQED/plots/o
ptimum_muPT_80.36010913_2.07041274_between_31_and_131.png, id=14, 1923.185pt x 
1055.945pt>
File: /home/physics/phuxdp/Desktop/PX402 Physics Project/WBosonProject/noQED/pl
ots/optimum_muPT_80.36010913_2.07041274_between_31_and_131.png Graphic file (ty
pe png)
<use /home/physics/phuxdp/Desktop/PX402 Physics Project/WBosonProject/noQED/plo
ts/optimum_muPT_80.36010913_2.07041274_between_31_and_131.png>
Package pdftex.def Info: /home/physics/phuxdp/Desktop/PX402 Physics Project/WBo
sonProject/noQED/plots/optimum_muPT_80.36010913_2.07041274_between_31_and_131.p
ng  used on input line 60.
(pdftex.def)             Requested size: 527.57014pt x 289.66876pt.

Underfull \hbox (badness 1325) in paragraph at lines 61--61
[]\OT1/phv/m/n/12 Figure 3: \OT1/phv/m/n/10.95 Data and op-ti-mum fit with $\OM
L/cmm/m/it/10.95 ^^_[] \OT1/cmr/m/n/10.95 = 30\OML/cmm/m/it/10.95 :\OT1/cmr/m/n
/10.95 652307835646948$\OT1/phv/m/n/10.95 . Used the hy-poth-e-sis mass of
 []

[2 </home/physics/phuxdp/Desktop/PX402 Physics Project/WBosonProject/noQED/plot
s/muPT_80.36010913_2.07041274_between_31_and_131.png>] [3 </home/physics/phuxdp
/Desktop/PX402 Physics Project/WBosonProject/noQED/plots/chi_square_fits_muPT_8
0.36010913_2.07041274_between_31_and_131.png>] [4 </home/physics/phuxdp/Desktop
/PX402 Physics Project/WBosonProject/noQED/plots/optimum_muPT_80.36010913_2.070
41274_between_31_and_131.png>] (./main.aux)

LaTeX Warning: Label(s) may have changed. Rerun to get cross-references right.

 ) 
Here is how much of TeX's memory you used:
 1836 strings out of 480608
 28865 string characters out of 5875628
 271884 words of memory out of 5000000
 17733 multiletter control sequences out of 15000+600000
 546182 words of font info for 50 fonts, out of 8000000 for 9000
 1141 hyphenation exceptions out of 8191
 30i,6n,34p,2004b,251s stack positions out of 5000i,500n,10000p,200000b,80000s
{/opt/tex/texlive2020/texmf-dist/fonts/enc/dvips/base/8r.enc}</opt/tex/texliv
e2020/texmf-dist/fonts/type1/public/amsfonts/cm/cmmi10.pfb></opt/tex/texlive202
0/texmf-dist/fonts/type1/public/amsfonts/cm/cmmi12.pfb></opt/tex/texlive2020/te
xmf-dist/fonts/type1/public/amsfonts/cm/cmr10.pfb></opt/tex/texlive2020/texmf-d
ist/fonts/type1/public/amsfonts/cm/cmr12.pfb></opt/tex/texlive2020/texmf-dist/f
onts/type1/public/amsfonts/cm/cmr8.pfb></opt/tex/texlive2020/texmf-dist/fonts/t
ype1/public/amsfonts/cm/cmsy10.pfb></opt/tex/texlive2020/texmf-dist/fonts/type1
/urw/helvetic/uhvb8a.pfb></opt/tex/texlive2020/texmf-dist/fonts/type1/urw/helve
tic/uhvr8a.pfb>
Output written on main.pdf (4 pages, 294513 bytes).
PDF statistics:
 55 PDF objects out of 1000 (max. 8388607)
 36 compressed objects within 1 object stream
 0 named destinations out of 1000 (max. 500000)
 16 words of extra memory for PDF output out of 10000 (max. 10000000)

