This is pdfTeX, Version 3.14159265-2.6-1.40.21 (TeX Live 2020) (preloaded format=pdflatex 2021.7.16)  14 FEB 2022 23:06
entering extended mode
 restricted \write18 enabled.
 %&-line parsing enabled.
**main.tex
(./main.tex
LaTeX2e <2020-02-02> patch level 5
L3 programming layer <2020-03-06>
(/opt/tex/texlive2020/texmf-dist/tex/latex/base/article.cls
Document Class: article 2019/12/20 v1.4l Standard LaTeX document class
(/opt/tex/texlive2020/texmf-dist/tex/latex/base/size12.clo
File: size12.clo 2019/12/20 v1.4l Standard LaTeX file (size option)
)
\c@part=\count167
\c@section=\count168
\c@subsection=\count169
\c@subsubsection=\count170
\c@paragraph=\count171
\c@subparagraph=\count172
\c@figure=\count173
\c@table=\count174
\abovecaptionskip=\skip47
\belowcaptionskip=\skip48
\bibindent=\dimen134
)
(/opt/tex/texlive2020/texmf-dist/tex/latex/graphics/graphicx.sty
Package: graphicx 2019/11/30 v1.2a Enhanced LaTeX Graphics (DPC,SPQR)

(/opt/tex/texlive2020/texmf-dist/tex/latex/graphics/keyval.sty
Package: keyval 2014/10/28 v1.15 key=value parser (DPC)
\KV@toks@=\toks15
)
(/opt/tex/texlive2020/texmf-dist/tex/latex/graphics/graphics.sty
Package: graphics 2019/11/30 v1.4a Standard LaTeX Graphics (DPC,SPQR)

(/opt/tex/texlive2020/texmf-dist/tex/latex/graphics/trig.sty
Package: trig 2016/01/03 v1.10 sin cos tan (DPC)
)
(/opt/tex/texlive2020/texmf-dist/tex/latex/graphics-cfg/graphics.cfg
File: graphics.cfg 2016/06/04 v1.11 sample graphics configuration
)
Package graphics Info: Driver file: pdftex.def on input line 105.

(/opt/tex/texlive2020/texmf-dist/tex/latex/graphics-def/pdftex.def
File: pdftex.def 2018/01/08 v1.0l Graphics/color driver for pdftex
))
\Gin@req@height=\dimen135
\Gin@req@width=\dimen136
)
(/opt/tex/texlive2020/texmf-dist/tex/latex/tools/dcolumn.sty
Package: dcolumn 2014/10/28 v1.06 decimal alignment package (DPC)

(/opt/tex/texlive2020/texmf-dist/tex/latex/tools/array.sty
Package: array 2019/08/31 v2.4l Tabular extension package (FMi)
\col@sep=\dimen137
\ar@mcellbox=\box45
\extrarowheight=\dimen138
\NC@list=\toks16
\extratabsurround=\skip49
\backup@length=\skip50
\ar@cellbox=\box46
))
(/opt/tex/texlive2020/texmf-dist/tex/latex/psnfss/helvet.sty
Package: helvet 2005/04/12 PSNFSS-v9.2a (WaS) 
)
(/opt/tex/texlive2020/texmf-dist/tex/latex/geometry/geometry.sty
Package: geometry 2020/01/02 v5.9 Page Geometry

(/opt/tex/texlive2020/texmf-dist/tex/generic/iftex/ifvtex.sty
Package: ifvtex 2019/10/25 v1.7 ifvtex legacy package. Use iftex instead.

(/opt/tex/texlive2020/texmf-dist/tex/generic/iftex/iftex.sty
Package: iftex 2020/03/06 v1.0d TeX engine tests
))
\Gm@cnth=\count175
\Gm@cntv=\count176
\c@Gm@tempcnt=\count177
\Gm@bindingoffset=\dimen139
\Gm@wd@mp=\dimen140
\Gm@odd@mp=\dimen141
\Gm@even@mp=\dimen142
\Gm@layoutwidth=\dimen143
\Gm@layoutheight=\dimen144
\Gm@layouthoffset=\dimen145
\Gm@layoutvoffset=\dimen146
\Gm@dimlist=\toks17


! Package keyval Error: a4 undefined.

See the keyval package documentation for explanation.
Type  H <return>  for immediate help.
 ...                                              
                                                  
l.1005 \ProcessOptionsKV[p]{Gm}
                               %
? 
) (/opt/tex/texlive2020/texmf-dist/tex/latex/l3backend/l3backend-pdfmode.def
File: l3backend-pdfmode.def 2020-03-12 L3 backend support: PDF mode
\l__kernel_color_stack_int=\count178
\l__pdf_internal_box=\box47
)
(./main.aux)
\openout1 = `main.aux'.

LaTeX Font Info:    Checking defaults for OML/cmm/m/it on input line 13.
LaTeX Font Info:    ... okay on input line 13.
LaTeX Font Info:    Checking defaults for OMS/cmsy/m/n on input line 13.
LaTeX Font Info:    ... okay on input line 13.
LaTeX Font Info:    Checking defaults for OT1/cmr/m/n on input line 13.
LaTeX Font Info:    ... okay on input line 13.
LaTeX Font Info:    Checking defaults for T1/cmr/m/n on input line 13.
LaTeX Font Info:    ... okay on input line 13.
LaTeX Font Info:    Checking defaults for TS1/cmr/m/n on input line 13.
LaTeX Font Info:    ... okay on input line 13.
LaTeX Font Info:    Checking defaults for OMX/cmex/m/n on input line 13.
LaTeX Font Info:    ... okay on input line 13.
LaTeX Font Info:    Checking defaults for U/cmr/m/n on input line 13.
LaTeX Font Info:    ... okay on input line 13.
LaTeX Font Info:    Trying to load font information for OT1+phv on input line 1
3.
 (/opt/tex/texlive2020/texmf-dist/tex/latex/psnfss/ot1phv.fd
File: ot1phv.fd 2001/06/04 scalable font definitions for OT1/phv.


LaTeX Warning: Font shape declaration has incorrect series value `mc'.
               It should not contain an `m'! Please correct it.
               Found on input line 21.


LaTeX Warning: Font shape declaration has incorrect series value `mc'.
               It should not contain an `m'! Please correct it.
               Found on input line 24.


LaTeX Warning: Font shape declaration has incorrect series value `mc'.
               It should not contain an `m'! Please correct it.
               Found on input line 27.


LaTeX Warning: Font shape declaration has incorrect series value `mc'.
               It should not contain an `m'! Please correct it.
               Found on input line 47.

) (/opt/tex/texlive2020/texmf-dist/tex/context/base/mkii/supp-pdf.mkii
[Loading MPS to PDF converter (version 2006.09.02).]
\scratchcounter=\count179
\scratchdimen=\dimen147
\scratchbox=\box48
\nofMPsegments=\count180
\nofMParguments=\count181
\everyMPshowfont=\toks18
\MPscratchCnt=\count182
\MPscratchDim=\dimen148
\MPnumerator=\count183
\makeMPintoPDFobject=\count184
\everyMPtoPDFconversion=\toks19
) (/opt/tex/texlive2020/texmf-dist/tex/latex/epstopdf-pkg/epstopdf-base.sty
Package: epstopdf-base 2020-01-24 v2.11 Base part for package epstopdf
Package epstopdf-base Info: Redefining graphics rule for `.eps' on input line 4
85.

(/opt/tex/texlive2020/texmf-dist/tex/latex/latexconfig/epstopdf-sys.cfg
File: epstopdf-sys.cfg 2010/07/13 v1.3 Configuration of (r)epstopdf for TeX Liv
e
))
*geometry* driver: auto-detecting
*geometry* detected driver: pdftex
*geometry* verbose mode - [ preamble ] result:
* driver: pdftex
* paper: <default>
* layout: <same size as paper>
* layoutoffset:(h,v)=(0.0pt,0.0pt)
* modes: 
* h-part:(L,W,R)=(43.36243pt, 527.57014pt, 43.36243pt)
* v-part:(T,H,B)=(43.36243pt, 708.24513pt, 43.36243pt)
* \paperwidth=614.295pt
* \paperheight=794.96999pt
* \textwidth=527.57014pt
* \textheight=708.24513pt
* \oddsidemargin=-28.90756pt
* \evensidemargin=-28.90756pt
* \topmargin=-65.90756pt
* \headheight=12.0pt
* \headsep=25.0pt
* \topskip=12.0pt
* \footskip=30.0pt
* \marginparwidth=44.0pt
* \marginparsep=10.0pt
* \columnsep=10.0pt
* \skip\footins=10.8pt plus 4.0pt minus 2.0pt
* \hoffset=0.0pt
* \voffset=0.0pt
* \mag=1000
* \@twocolumnfalse
* \@twosidefalse
* \@mparswitchfalse
* \@reversemarginfalse
* (1in=72.27pt=25.4mm, 1cm=28.453pt)

LaTeX Font Info:    External font `cmex10' loaded for size
(Font)              <14.4> on input line 18.
LaTeX Font Info:    External font `cmex10' loaded for size
(Font)              <7> on input line 18.
LaTeX Font Info:    External font `cmex10' loaded for size
(Font)              <12> on input line 22.
LaTeX Font Info:    External font `cmex10' loaded for size
(Font)              <8> on input line 22.
LaTeX Font Info:    External font `cmex10' loaded for size
(Font)              <6> on input line 22.

Overfull \hbox (325.6804pt too wide) in paragraph at lines 22--32
\OT1/phv/m/n/12 Absolute path to fig-ure: /home/physics/phuxdp/Desktop/PX402 Ph
ysics Project/WBosonProject/T2W5/plots/muPT[]80.379[]2.07[]between[]78[]and[]82
[]summary.png 
 []


Overfull \hbox (74.56696pt too wide) in paragraph at lines 22--32
\OT1/phv/m/n/12 X[]energ[]vls = [0.6, 1.7999999999999998, 3.0, 4.19999999999999
9, 5.4, 6.6, 7.8, 9.0, 10.2, 11.399999999999999,
 []


Overfull \hbox (14.45718pt too wide) in paragraph at lines 22--32
\OT1/phv/m/n/12 48.599999999999994, 49.8, 51.0, 52.2, 53.4, 54.599999999999994,
 55.8, 57.0, 58.199999999999996,
 []


Overfull \hbox (30.50323pt too wide) in paragraph at lines 22--32
\OT1/phv/m/n/12 59.4, 60.599999999999994, 61.8, 63.0, 64.19999999999999, 65.4, 
66.6, 67.8, 69.0, 70.19999999999999,
 []


Overfull \hbox (37.17516pt too wide) in paragraph at lines 22--32
\OT1/phv/m/n/12 0.0, 0.0, 0.0, 0.0, 0.0, 1.921643853187561, 0.0, 8.647402763366
7, 353.5817565917969, 18036.53515625,
 []


Overfull \hbox (46.38208pt too wide) in paragraph at lines 22--32
\OT1/phv/m/n/12 23481.20703125, 25453.05078125, 27156.79296875, 29054.64453125,
 31186.001953125, 33097.3046875,
 []


Overfull \hbox (39.71016pt too wide) in paragraph at lines 22--32
\OT1/phv/m/n/12 35098.94140625, 36696.98046875, 38588.1015625, 40181.33984375, 
41238.37109375, 41227.80078125,
 []


Overfull \hbox (6.35056pt too wide) in paragraph at lines 22--32
\OT1/phv/m/n/12 38789.8984375, 32887.8203125, 25893.154296875, 19499.078125, 14
934.619140625, 11685.6875,
 []


Overfull \hbox (99.75745pt too wide) in paragraph at lines 22--32
\OT1/phv/m/n/12 9169.94921875, 7425.84326171875, 6262.142578125, 5134.963378906
25, 4322.97119140625, 3562.878662109375,
 []


Overfull \hbox (43.67987pt too wide) in paragraph at lines 22--32
\OT1/phv/m/n/12 2934.434814453125, 2639.42919921875, 2310.79248046875, 1953.338
9892578125, 1676.624267578125,
 []


Overfull \hbox (63.69563pt too wide) in paragraph at lines 22--32
\OT1/phv/m/n/12 1502.7166748046875, 1272.1207275390625, 1207.7464599609375, 103
5.760498046875, 951.208740234375,
 []


Overfull \hbox (43.67987pt too wide) in paragraph at lines 22--32
\OT1/phv/m/n/12 788.8307495117188, 702.3573608398438, 649.5125732421875, 635.10
0341796875, 577.4513549804688,
 []


Overfull \hbox (63.69563pt too wide) in paragraph at lines 22--32
\OT1/phv/m/n/12 476.56585693359375, 419.87762451171875, 379.5233154296875, 337.
2475891113281, 303.6190185546875,
 []


Overfull \hbox (70.36755pt too wide) in paragraph at lines 22--32
\OT1/phv/m/n/12 307.46234130859375, 241.16592407226562, 229.63621520996094, 240
.2052001953125, 222.9103546142578,
 []


Overfull \hbox (70.36755pt too wide) in paragraph at lines 22--32
\OT1/phv/m/n/12 218.10617065429688, 176.79115295410156, 159.496337890625, 135.4
7592163085938, 119.14201354980469,
 []


Overfull \hbox (50.35179pt too wide) in paragraph at lines 22--32
\OT1/phv/m/n/12 128.7501220703125, 124.90692138671875, 104.72966766357422, 101.
84716796875, 98.96472930908203,
 []


Overfull \hbox (43.67987pt too wide) in paragraph at lines 22--32
\OT1/phv/m/n/12 94.16057586669922, 75.90497589111328, 84.5523452758789, 68.2183
9904785156, 84.55237579345703,
 []


Overfull \hbox (50.35179pt too wide) in paragraph at lines 22--32
\OT1/phv/m/n/12 61.492637634277344, 55.72767639160156, 55.72770690917969, 43.23
698425292969, 53.8060302734375,
 []


Overfull \hbox (57.02371pt too wide) in paragraph at lines 22--32
\OT1/phv/m/n/12 41.31535720825195, 43.23701477050781, 29.78548812866211, 37.472
07260131836, 33.628780364990234,
 []


Overfull \hbox (70.36755pt too wide) in paragraph at lines 22--32
\OT1/phv/m/n/12 24.02056121826172, 30.74631690979004, 29.785505294799805, 30.74
6320724487305, 24.020566940307617,
 []


Underfull \hbox (badness 10000) in paragraph at lines 22--32

 []

[1

{/opt/tex/texlive2020/texmf-var/fonts/map/pdftex/updmap/pdftex.map}]
! Missing $ inserted.
<inserted text> 
                $
l.34     Uncertainty [GeV/c^
                            2]: 1.4210854715202004e-14
? 
! Missing $ inserted.
<inserted text> 
                $
l.35 
     
? 

Overfull \hbox (36.89792pt too wide) in paragraph at lines 33--35
[]\OT1/phv/m/n/12 Found op-ti-mal massses ($\OML/cmm/m/it/12 ^^_[]$ \OT1/phv/m/
n/12 roots): [80.42768906] $\OT1/cmr/m/n/12 [\OML/cmm/m/it/12 GeV=c[]\OT1/cmr/m
/n/12 ]$ \OT1/phv/m/n/12 Un-cer-tainty [GeV/c$[]\OT1/cmr/m/n/12 ] : 1\OML/cmm/m
/it/12 :\OT1/cmr/m/n/12 4210854715202004\OML/cmm/m/it/12 e \OMS/cmsy/m/n/12 ^^@

 []

</home/physics/phuxdp/Desktop/PX402 Physics Project/WBosonProject/T2W5/plots/mu
PT_80.379_2.07_between_78_and_82_summary.png, id=11, 1923.185pt x 1055.945pt>
File: /home/physics/phuxdp/Desktop/PX402 Physics Project/WBosonProject/T2W5/plo
ts/muPT_80.379_2.07_between_78_and_82_summary.png Graphic file (type png)
<use /home/physics/phuxdp/Desktop/PX402 Physics Project/WBosonProject/T2W5/plot
s/muPT_80.379_2.07_between_78_and_82_summary.png>
Package pdftex.def Info: /home/physics/phuxdp/Desktop/PX402 Physics Project/WBo
sonProject/T2W5/plots/muPT_80.379_2.07_between_78_and_82_summary.png  used on i
nput line 38.
(pdftex.def)             Requested size: 527.57014pt x 289.66876pt.
LaTeX Font Info:    External font `cmex10' loaded for size
(Font)              <10.95> on input line 42.
! Missing $ inserted.
<inserted text> 
                $
l.42 ...e of hypothesis fit: 11.928241497862004. }
                                                  
? 
! Extra }, or forgotten $.
\sbox  ...box {\color@setgroup #2\color@endgroup }
                                                  
l.42 ...e of hypothesis fit: 11.928241497862004. }
                                                  
? 
! Missing $ inserted.
<inserted text> 
                $
l.42 ...e of hypothesis fit: 11.928241497862004. }
                                                  
? 
! Missing } inserted.
<inserted text> 
                }
l.42 ...e of hypothesis fit: 11.928241497862004. }
                                                  
? 
</home/physics/phuxdp/Desktop/PX402 Physics Project/WBosonProject/T2W5/plots/ch
i_square_fits_muPT_80.379_2.07_between_78_and_82_summary.png, id=12, 462.528pt 
x 346.896pt>
File: /home/physics/phuxdp/Desktop/PX402 Physics Project/WBosonProject/T2W5/plo
ts/chi_square_fits_muPT_80.379_2.07_between_78_and_82_summary.png Graphic file 
(type png)
<use /home/physics/phuxdp/Desktop/PX402 Physics Project/WBosonProject/T2W5/plot
s/chi_square_fits_muPT_80.379_2.07_between_78_and_82_summary.png>
Package pdftex.def Info: /home/physics/phuxdp/Desktop/PX402 Physics Project/WBo
sonProject/T2W5/plots/chi_square_fits_muPT_80.379_2.07_between_78_and_82_summar
y.png  used on input line 48.
(pdftex.def)             Requested size: 527.57014pt x 395.69844pt.
</home/physics/phuxdp/Desktop/PX402 Physics Project/WBosonProject/T2W5/plots/op
timum_muPT_80.379_2.07_between_78_and_82_summary.png, id=14, 1923.185pt x 1055.
945pt>
File: /home/physics/phuxdp/Desktop/PX402 Physics Project/WBosonProject/T2W5/plo
ts/optimum_muPT_80.379_2.07_between_78_and_82_summary.png Graphic file (type pn
g)
<use /home/physics/phuxdp/Desktop/PX402 Physics Project/WBosonProject/T2W5/plot
s/optimum_muPT_80.379_2.07_between_78_and_82_summary.png>
Package pdftex.def Info: /home/physics/phuxdp/Desktop/PX402 Physics Project/WBo
sonProject/T2W5/plots/optimum_muPT_80.379_2.07_between_78_and_82_summary.png  u
sed on input line 55.
(pdftex.def)             Requested size: 527.57014pt x 289.66876pt.

Underfull \hbox (badness 1072) in paragraph at lines 56--56
[]\OT1/phv/m/n/12 Figure 3: \OT1/phv/m/n/10.95 Data and op-ti-mum fit with $\OM
L/cmm/m/it/10.95 ^^_[] \OT1/cmr/m/n/10.95 = 0\OML/cmm/m/it/10.95 :\OT1/cmr/m/n/
10.95 02928771495749773$\OT1/phv/m/n/10.95 . Used the hy-poth-e-sis mass of
 []

[2 </home/physics/phuxdp/Desktop/PX402 Physics Project/WBosonProject/T2W5/plots
/muPT_80.379_2.07_between_78_and_82_summary.png>] [3 </home/physics/phuxdp/Desk
top/PX402 Physics Project/WBosonProject/T2W5/plots/chi_square_fits_muPT_80.379_
2.07_between_78_and_82_summary.png>] [4 </home/physics/phuxdp/Desktop/PX402 Phy
sics Project/WBosonProject/T2W5/plots/optimum_muPT_80.379_2.07_between_78_and_8
2_summary.png>] (./main.aux) ) 
Here is how much of TeX's memory you used:
 1838 strings out of 480608
 28795 string characters out of 5875628
 271908 words of memory out of 5000000
 17733 multiletter control sequences out of 15000+600000
 546182 words of font info for 50 fonts, out of 8000000 for 9000
 1141 hyphenation exceptions out of 8191
 30i,6n,34p,1695b,241s stack positions out of 5000i,500n,10000p,200000b,80000s
{/opt/tex/texlive2020/texmf-dist/fonts/enc/dvips/
base/8r.enc}</opt/tex/texlive2020/texmf-dist/fonts/type1/public/amsfonts/cm/cmm
i10.pfb></opt/tex/texlive2020/texmf-dist/fonts/type1/public/amsfonts/cm/cmmi12.
pfb></opt/tex/texlive2020/texmf-dist/fonts/type1/public/amsfonts/cm/cmr10.pfb><
/opt/tex/texlive2020/texmf-dist/fonts/type1/public/amsfonts/cm/cmr12.pfb></opt/
tex/texlive2020/texmf-dist/fonts/type1/public/amsfonts/cm/cmr8.pfb></opt/tex/te
xlive2020/texmf-dist/fonts/type1/public/amsfonts/cm/cmsy10.pfb></opt/tex/texliv
e2020/texmf-dist/fonts/type1/urw/helvetic/uhvb8a.pfb></opt/tex/texlive2020/texm
f-dist/fonts/type1/urw/helvetic/uhvr8a.pfb>
Output written on main.pdf (4 pages, 238299 bytes).
PDF statistics:
 55 PDF objects out of 1000 (max. 8388607)
 36 compressed objects within 1 object stream
 0 named destinations out of 1000 (max. 500000)
 16 words of extra memory for PDF output out of 10000 (max. 10000000)

